Build started 2025-05-16 10:09:56.
     1>Project "D:\梅努斯\计算机结构\labs\lab4\WFA_APP2\WFA_APP2\WFA_APP2.vcxproj" on node 2 (build target(s)).
     1>InitializeBuildStatus:
         Creating "Debug\WFA_APP2.unsuccessfulbuild" because "AlwaysCreate" was specified.
       GenerateTargetFrameworkMonikerAttribute:
       Skipping target "GenerateTargetFrameworkMonikerAttribute" because all output files are up-to-date with respect to the input files.
       ClCompile:
         All outputs are up-to-date.
         d:\Program Files (x86)\Microsoft Visual Studio 10.0\VC\bin\CL.exe /c /AI"C:\Program Files (x86)\Reference Assemblies\Microsoft\Framework\.NETFramework\v4.0" /Zi /clr:pure /nologo /W3 /WX- /Od /Oy- /D WIN32 /D _DEBUG /D _UNICODE /D UNICODE /EHa /MDd /GS /fp:precise /Zc:wchar_t /Zc:forScope /Yu"StdAfx.h" /Fp"Debug\WFA_APP2.pch" /Fo"Debug\\" /Fd"Debug\vc100.pdb" /TP /FU"C:\Program Files (x86)\Reference Assemblies\Microsoft\Framework\.NETFramework\v4.0\System.Core.dll" /FU"C:\Program Files (x86)\Reference Assemblies\Microsoft\Framework\.NETFramework\v4.0\System.Data.dll" /FU"C:\Program Files (x86)\Reference Assemblies\Microsoft\Framework\.NETFramework\v4.0\System.dll" /FU"C:\Program Files (x86)\Reference Assemblies\Microsoft\Framework\.NETFramework\v4.0\System.Drawing.dll" /FU"C:\Program Files (x86)\Reference Assemblies\Microsoft\Framework\.NETFramework\v4.0\System.Windows.Forms.dll" /FU"C:\Program Files (x86)\Reference Assemblies\Microsoft\Framework\.NETFramework\v4.0\System.Xml.dll" /analyze- /errorReport:prompt WFA_APP2.cpp /clr:nostdlib 
         WFA_APP2.cpp
         All outputs are up-to-date.
       CoreResGen:
         No resources are out of date with respect to their source files. Skipping resource generation.
       ResourceCompile:
         All outputs are up-to-date.
       Link:
         d:\Program Files (x86)\Microsoft Visual Studio 10.0\VC\bin\link.exe /ERRORREPORT:PROMPT /OUT:"D:\梅努斯\计算机结构\labs\lab4\WFA_APP2\Debug\WFA_APP2.exe" /INCREMENTAL /NOLOGO /ASSEMBLYRESOURCE:Debug\WFA_APP2.Form1.resources /MANIFEST /ManifestFile:"Debug\WFA_APP2.exe.intermediate.manifest" /MANIFESTUAC:"level='asInvoker' uiAccess='false'" /DEBUG /PDB:"D:\梅努斯\计算机结构\labs\lab4\WFA_APP2\Debug\WFA_APP2.pdb" /ASSEMBLYDEBUG /SUBSYSTEM:WINDOWS /TLBID:1 /ENTRY:"main" /DYNAMICBASE /FIXED:NO /NXCOMPAT /MACHINE:X86 Debug\app.res
         Debug\AssemblyInfo.obj
         Debug\stdafx.obj
         Debug\WFA_APP2.obj
         "Debug\.NETFramework,Version=v4.0.AssemblyAttributes.obj"
         WFA_APP2.vcxproj -> D:\梅努斯\计算机结构\labs\lab4\WFA_APP2\Debug\WFA_APP2.exe
       Manifest:
         C:\Program Files (x86)\Microsoft SDKs\Windows\v7.0A\bin\mt.exe /nologo /verbose /outputresource:"D:\梅努斯\计算机结构\labs\lab4\WFA_APP2\Debug\WFA_APP2.exe;#1" /manifest Debug\WFA_APP2.exe.intermediate.manifest
       FinalizeBuildStatus:
         Deleting file "Debug\WFA_APP2.unsuccessfulbuild".
         Touching "Debug\WFA_APP2.lastbuildstate".
     1>Done Building Project "D:\梅努斯\计算机结构\labs\lab4\WFA_APP2\WFA_APP2\WFA_APP2.vcxproj" (build target(s)).

Build succeeded.

Time Elapsed 00:00:00.57
