Build started 2025-04-18 9:32:05.
     1>Project "D:\梅努斯\计算机结构\labs\lab2\MASM_FP\MASM_FP\MASM_FP.vcxproj" on node 2 (build target(s)).
     1>InitializeBuildStatus:
         Creating "Debug\MASM_FP.unsuccessfulbuild" because "AlwaysCreate" was specified.
       ClCompile:
         All outputs are up-to-date.
         d:\Program Files (x86)\Microsoft Visual Studio 10.0\VC\bin\CL.exe /c /ZI /nologo /W3 /WX- /Od /Oy- /D WIN32 /D _DEBUG /D _CONSOLE /D _UNICODE /D UNICODE /Gm /EHsc /RTC1 /MDd /GS /fp:precise /Zc:wchar_t /Zc:forScope /Yu"StdAfx.h" /Fp"Debug\MASM_FP.pch" /Fo"Debug\\" /Fd"Debug\vc100.pdb" /Gd /TP /analyze- /errorReport:prompt MASM_FP.cpp
         MASM_FP.cpp
     1>d:\梅努斯\计算机结构\labs\lab2\masm_fp\masm_fp\masm_fp.cpp(20): warning C4996: 'scanf': This function or variable may be unsafe. Consider using scanf_s instead. To disable deprecation, use _CRT_SECURE_NO_WARNINGS. See online help for details.
                 d:\program files (x86)\microsoft visual studio 10.0\vc\include\stdio.h(304) : see declaration of 'scanf'
     1>d:\梅努斯\计算机结构\labs\lab2\masm_fp\masm_fp\masm_fp.cpp(22): warning C4996: 'scanf': This function or variable may be unsafe. Consider using scanf_s instead. To disable deprecation, use _CRT_SECURE_NO_WARNINGS. See online help for details.
                 d:\program files (x86)\microsoft visual studio 10.0\vc\include\stdio.h(304) : see declaration of 'scanf'
       ManifestResourceCompile:
         All outputs are up-to-date.
       Link:
         d:\Program Files (x86)\Microsoft Visual Studio 10.0\VC\bin\link.exe /ERRORREPORT:PROMPT /OUT:"D:\梅努斯\计算机结构\labs\lab2\MASM_FP\Debug\MASM_FP.exe" /INCREMENTAL /NOLOGO kernel32.lib user32.lib gdi32.lib winspool.lib comdlg32.lib advapi32.lib shell32.lib ole32.lib oleaut32.lib uuid.lib odbc32.lib odbccp32.lib /MANIFEST /ManifestFile:"Debug\MASM_FP.exe.intermediate.manifest" /MANIFESTUAC:"level='asInvoker' uiAccess='false'" /DEBUG /PDB:"D:\梅努斯\计算机结构\labs\lab2\MASM_FP\Debug\MASM_FP.pdb" /SUBSYSTEM:CONSOLE /TLBID:1 /DYNAMICBASE /NXCOMPAT /IMPLIB:"D:\梅努斯\计算机结构\labs\lab2\MASM_FP\Debug\MASM_FP.lib" /MACHINE:X86 Debug\MASM_FP.exe.embed.manifest.res
         Debug\MASM_FP.obj
         Debug\stdafx.obj
       Manifest:
         C:\Program Files (x86)\Microsoft SDKs\Windows\v7.0A\bin\mt.exe /nologo /verbose /out:"Debug\MASM_FP.exe.embed.manifest" /manifest Debug\MASM_FP.exe.intermediate.manifest
         All outputs are up-to-date.
       LinkEmbedManifest:
         All outputs are up-to-date.
         MASM_FP.vcxproj -> D:\梅努斯\计算机结构\labs\lab2\MASM_FP\Debug\MASM_FP.exe
       FinalizeBuildStatus:
         Deleting file "Debug\MASM_FP.unsuccessfulbuild".
         Touching "Debug\MASM_FP.lastbuildstate".
     1>Done Building Project "D:\梅努斯\计算机结构\labs\lab2\MASM_FP\MASM_FP\MASM_FP.vcxproj" (build target(s)).

Build succeeded.

Time Elapsed 00:00:00.44
