Build started 2025-06-20 9:19:55.
     1>Project "D:\梅努斯\计算机结构\labs\lab8\Bits\Bits\Bits.vcxproj" on node 2 (build target(s)).
     1>InitializeBuildStatus:
         Creating "Debug\Bits.unsuccessfulbuild" because "AlwaysCreate" was specified.
       ClCompile:
         All outputs are up-to-date.
         d:\Program Files (x86)\Microsoft Visual Studio 10.0\VC\bin\CL.exe /c /ZI /nologo /W3 /WX- /Od /Oy- /D WIN32 /D _DEBUG /D _CONSOLE /D _UNICODE /D UNICODE /Gm /EHsc /RTC1 /MDd /GS /fp:precise /Zc:wchar_t /Zc:forScope /Yu"StdAfx.h" /Fp"Debug\Bits.pch" /Fo"Debug\\" /Fd"Debug\vc100.pdb" /Gd /TP /analyze- /errorReport:prompt Bits.cpp
         Bits.cpp
     1>d:\梅努斯\计算机结构\labs\lab8\bits\bits\bits.cpp(13): warning C4996: 'scanf': This function or variable may be unsafe. Consider using scanf_s instead. To disable deprecation, use _CRT_SECURE_NO_WARNINGS. See online help for details.
                 d:\program files (x86)\microsoft visual studio 10.0\vc\include\stdio.h(304) : see declaration of 'scanf'
       ManifestResourceCompile:
         All outputs are up-to-date.
       Link:
         d:\Program Files (x86)\Microsoft Visual Studio 10.0\VC\bin\link.exe /ERRORREPORT:PROMPT /OUT:"D:\梅努斯\计算机结构\labs\lab8\Bits\Debug\Bits.exe" /INCREMENTAL /NOLOGO kernel32.lib user32.lib gdi32.lib winspool.lib comdlg32.lib advapi32.lib shell32.lib ole32.lib oleaut32.lib uuid.lib odbc32.lib odbccp32.lib /MANIFEST /ManifestFile:"Debug\Bits.exe.intermediate.manifest" /MANIFESTUAC:"level='asInvoker' uiAccess='false'" /DEBUG /PDB:"D:\梅努斯\计算机结构\labs\lab8\Bits\Debug\Bits.pdb" /SUBSYSTEM:CONSOLE /TLBID:1 /DYNAMICBASE /NXCOMPAT /IMPLIB:"D:\梅努斯\计算机结构\labs\lab8\Bits\Debug\Bits.lib" /MACHINE:X86 Debug\Bits.exe.embed.manifest.res
         Debug\Bits.obj
         Debug\stdafx.obj
       Manifest:
         C:\Program Files (x86)\Microsoft SDKs\Windows\v7.0A\bin\mt.exe /nologo /verbose /out:"Debug\Bits.exe.embed.manifest" /manifest Debug\Bits.exe.intermediate.manifest
         All outputs are up-to-date.
       LinkEmbedManifest:
         All outputs are up-to-date.
         Bits.vcxproj -> D:\梅努斯\计算机结构\labs\lab8\Bits\Debug\Bits.exe
       FinalizeBuildStatus:
         Deleting file "Debug\Bits.unsuccessfulbuild".
         Touching "Debug\Bits.lastbuildstate".
     1>Done Building Project "D:\梅努斯\计算机结构\labs\lab8\Bits\Bits\Bits.vcxproj" (build target(s)).

Build succeeded.

Time Elapsed 00:00:01.52
