Build started 2025-05-12 13:05:48.
     1>Project "D:\梅努斯\计算机结构\labs\lab4\To_ASM\To_ASM\To_ASM.vcxproj" on node 2 (build target(s)).
     1>InitializeBuildStatus:
         Creating "Debug\To_ASM.unsuccessfulbuild" because "AlwaysCreate" was specified.
       ClCompile:
         All outputs are up-to-date.
         d:\Program Files (x86)\Microsoft Visual Studio 10.0\VC\bin\CL.exe /c /ZI /nologo /W3 /WX- /Od /Oy- /D WIN32 /D _DEBUG /D _CONSOLE /D _UNICODE /D UNICODE /Gm /EHsc /RTC1 /MDd /GS /fp:precise /Zc:wchar_t /Zc:forScope /Yc"StdAfx.h" /Fp"Debug\To_ASM.pch" /FAcs /Fa"D:\梅努斯\计算机结构\labs\lab4\To_ASM\Debug\\" /Fo"Debug\\" /Fd"Debug\vc100.pdb" /Gd /TP /analyze- /errorReport:prompt stdafx.cpp
         stdafx.cpp
         d:\Program Files (x86)\Microsoft Visual Studio 10.0\VC\bin\CL.exe /c /ZI /nologo /W3 /WX- /Od /Oy- /D WIN32 /D _DEBUG /D _CONSOLE /D _UNICODE /D UNICODE /Gm /EHsc /RTC1 /MDd /GS /fp:precise /Zc:wchar_t /Zc:forScope /Yu"StdAfx.h" /Fp"Debug\To_ASM.pch" /FAcs /Fa"D:\梅努斯\计算机结构\labs\lab4\To_ASM\Debug\\" /Fo"Debug\\" /Fd"Debug\vc100.pdb" /Gd /TP /analyze- /errorReport:prompt To_ASM.cpp
         To_ASM.cpp
       ManifestResourceCompile:
         All outputs are up-to-date.
       Link:
         d:\Program Files (x86)\Microsoft Visual Studio 10.0\VC\bin\link.exe /ERRORREPORT:PROMPT /OUT:"D:\梅努斯\计算机结构\labs\lab4\To_ASM\Debug\To_ASM.exe" /INCREMENTAL /NOLOGO kernel32.lib user32.lib gdi32.lib winspool.lib comdlg32.lib advapi32.lib shell32.lib ole32.lib oleaut32.lib uuid.lib odbc32.lib odbccp32.lib /MANIFEST /ManifestFile:"Debug\To_ASM.exe.intermediate.manifest" /MANIFESTUAC:"level='asInvoker' uiAccess='false'" /DEBUG /PDB:"D:\梅努斯\计算机结构\labs\lab4\To_ASM\Debug\To_ASM.pdb" /SUBSYSTEM:CONSOLE /TLBID:1 /DYNAMICBASE /NXCOMPAT /IMPLIB:"D:\梅努斯\计算机结构\labs\lab4\To_ASM\Debug\To_ASM.lib" /MACHINE:X86 Debug\To_ASM.exe.embed.manifest.res
         Debug\stdafx.obj
         Debug\To_ASM.obj
       Manifest:
         C:\Program Files (x86)\Microsoft SDKs\Windows\v7.0A\bin\mt.exe /nologo /verbose /out:"Debug\To_ASM.exe.embed.manifest" /manifest Debug\To_ASM.exe.intermediate.manifest
         All outputs are up-to-date.
       LinkEmbedManifest:
         All outputs are up-to-date.
         To_ASM.vcxproj -> D:\梅努斯\计算机结构\labs\lab4\To_ASM\Debug\To_ASM.exe
       FinalizeBuildStatus:
         Deleting file "Debug\To_ASM.unsuccessfulbuild".
         Touching "Debug\To_ASM.lastbuildstate".
     1>Done Building Project "D:\梅努斯\计算机结构\labs\lab4\To_ASM\To_ASM\To_ASM.vcxproj" (build target(s)).

Build succeeded.

Time Elapsed 00:00:00.83
