Build started 2025-05-16 10:03:35.
     1>Project "D:\梅努斯\计算机结构\labs\lab4\Q3\Q3\Q3.vcxproj" on node 2 (build target(s)).
     1>InitializeBuildStatus:
         Creating "Debug\Q3.unsuccessfulbuild" because "AlwaysCreate" was specified.
       ClCompile:
         All outputs are up-to-date.
         d:\Program Files (x86)\Microsoft Visual Studio 10.0\VC\bin\CL.exe /c /ZI /nologo /W3 /WX- /Od /Oy- /D WIN32 /D _DEBUG /D _CONSOLE /D _UNICODE /D UNICODE /Gm /EHsc /RTC1 /MDd /GS /fp:precise /Zc:wchar_t /Zc:forScope /Yu"StdAfx.h" /Fp"Debug\Q3.pch" /Fo"Debug\\" /Fd"Debug\vc100.pdb" /Gd /TP /analyze- /errorReport:prompt Q3.cpp
         Q3.cpp
     1>d:\梅努斯\计算机结构\labs\lab4\q3\q3\q3.cpp(29): warning C4244: 'initializing' : conversion from 'double' to 'float', possible loss of data
       ManifestResourceCompile:
         All outputs are up-to-date.
       Link:
         d:\Program Files (x86)\Microsoft Visual Studio 10.0\VC\bin\link.exe /ERRORREPORT:PROMPT /OUT:"D:\梅努斯\计算机结构\labs\lab4\Q3\Debug\Q3.exe" /INCREMENTAL /NOLOGO kernel32.lib user32.lib gdi32.lib winspool.lib comdlg32.lib advapi32.lib shell32.lib ole32.lib oleaut32.lib uuid.lib odbc32.lib odbccp32.lib /MANIFEST /ManifestFile:"Debug\Q3.exe.intermediate.manifest" /MANIFESTUAC:"level='asInvoker' uiAccess='false'" /DEBUG /PDB:"D:\梅努斯\计算机结构\labs\lab4\Q3\Debug\Q3.pdb" /SUBSYSTEM:CONSOLE /TLBID:1 /DYNAMICBASE /NXCOMPAT /IMPLIB:"D:\梅努斯\计算机结构\labs\lab4\Q3\Debug\Q3.lib" /MACHINE:X86 Debug\Q3.exe.embed.manifest.res
         Debug\Q3.obj
         Debug\stdafx.obj
       Manifest:
         C:\Program Files (x86)\Microsoft SDKs\Windows\v7.0A\bin\mt.exe /nologo /verbose /out:"Debug\Q3.exe.embed.manifest" /manifest Debug\Q3.exe.intermediate.manifest
         All outputs are up-to-date.
       LinkEmbedManifest:
         All outputs are up-to-date.
         Q3.vcxproj -> D:\梅努斯\计算机结构\labs\lab4\Q3\Debug\Q3.exe
       FinalizeBuildStatus:
         Deleting file "Debug\Q3.unsuccessfulbuild".
         Touching "Debug\Q3.lastbuildstate".
     1>Done Building Project "D:\梅努斯\计算机结构\labs\lab4\Q3\Q3\Q3.vcxproj" (build target(s)).

Build succeeded.

Time Elapsed 00:00:00.96
